app/build/intermediates/manifest_merge_blame_file/debug/manifest-merger-blame-debug-report.txt
1<?xml version="1.0" encoding="utf-8"?>
2<manifest xmlns:android="http://schemas.android.com/apk/res/android"
3    package="com.example.chillersmarket"
4    android:versionCode="1"
5    android:versionName="1.0" >
6
7    <uses-sdk
8        android:minSdkVersion="23"
8-->src\main\AndroidManifest.xml
9        android:targetSdkVersion="31" />
9-->src\main\AndroidManifest.xml
10
11    <uses-permission android:name="android.permission.INTERNET" />
11-->src\main\AndroidManifest.xml:5:5-67
11-->src\main\AndroidManifest.xml:5:22-64
12    <uses-permission android:name="android.permission.FOREGROUND_SERVICE" />
12-->src\main\AndroidManifest.xml:6:5-77
12-->src\main\AndroidManifest.xml:6:22-74
13    <uses-permission android:name="android.permission.ACCESS_FINE_LOCATION" />
13-->src\main\AndroidManifest.xml:7:5-79
13-->src\main\AndroidManifest.xml:7:22-76
14    <uses-permission android:name="android.permission.ACCESS_COARSE_LOCATION" />
14-->src\main\AndroidManifest.xml:8:5-81
14-->src\main\AndroidManifest.xml:8:22-78
15    <uses-permission android:name="android.permission.ACCESS_BACKGROUND_LOCATION" />
15-->src\main\AndroidManifest.xml:9:5-85
15-->src\main\AndroidManifest.xml:9:22-82
16
17    <uses-feature
17-->[com.mapbox.mapboxsdk:mapbox-android-sdk:9.0.0] AndroidManifest.xml:9:5-11:35
18        android:glEsVersion="0x00020000"
18-->[com.mapbox.mapboxsdk:mapbox-android-sdk:9.0.0] AndroidManifest.xml:10:9-41
19        android:required="true" />
19-->[com.mapbox.mapboxsdk:mapbox-android-sdk:9.0.0] AndroidManifest.xml:11:9-32
20    <uses-feature
20-->[com.mapbox.mapboxsdk:mapbox-android-sdk:9.0.0] AndroidManifest.xml:12:5-14:36
21        android:name="android.hardware.wifi"
21-->[com.mapbox.mapboxsdk:mapbox-android-sdk:9.0.0] AndroidManifest.xml:13:9-45
22        android:required="false" />
22-->[com.mapbox.mapboxsdk:mapbox-android-sdk:9.0.0] AndroidManifest.xml:14:9-33
23
24    <uses-permission android:name="android.permission.ACCESS_NETWORK_STATE" />
24-->[com.mapbox.mapboxsdk:mapbox-android-sdk:9.0.0] AndroidManifest.xml:17:5-79
24-->[com.mapbox.mapboxsdk:mapbox-android-sdk:9.0.0] AndroidManifest.xml:17:22-76
25    <uses-permission android:name="android.permission.ACCESS_WIFI_STATE" /> <!-- Required for CrashReporterJobIntentService on API levels below 25 -->
25-->[com.mapbox.mapboxsdk:mapbox-android-sdk:9.0.0] AndroidManifest.xml:18:5-76
25-->[com.mapbox.mapboxsdk:mapbox-android-sdk:9.0.0] AndroidManifest.xml:18:22-73
26    <uses-permission android:name="android.permission.WAKE_LOCK" />
26-->[com.mapbox.mapboxsdk:mapbox-android-telemetry:4.7.1] AndroidManifest.xml:12:5-68
26-->[com.mapbox.mapboxsdk:mapbox-android-telemetry:4.7.1] AndroidManifest.xml:12:22-65
27
28    <application
28-->src\main\AndroidManifest.xml:11:5-39:19
29        android:allowBackup="true"
29-->src\main\AndroidManifest.xml:12:9-35
30        android:appComponentFactory="androidx.core.app.CoreComponentFactory"
30-->[androidx.core:core:1.7.0] AndroidManifest.xml:24:18-86
31        android:debuggable="true"
32        android:extractNativeLibs="false"
33        android:icon="@mipmap/ic_launcher"
33-->src\main\AndroidManifest.xml:13:9-43
34        android:label="@string/app_name"
34-->src\main\AndroidManifest.xml:14:9-41
35        android:roundIcon="@mipmap/ic_launcher_round"
35-->src\main\AndroidManifest.xml:15:9-54
36        android:supportsRtl="true"
36-->src\main\AndroidManifest.xml:16:9-35
37        android:testOnly="true"
38        android:theme="@style/Theme.ChillersMarket" >
38-->src\main\AndroidManifest.xml:17:9-52
39        <activity
39-->src\main\AndroidManifest.xml:18:9-20:40
40            android:name="com.example.chillersmarket.SummaryActivity"
40-->src\main\AndroidManifest.xml:19:13-44
41            android:exported="false" />
41-->src\main\AndroidManifest.xml:20:13-37
42        <activity
42-->src\main\AndroidManifest.xml:21:9-23:40
43            android:name="com.example.chillersmarket.CartActivity"
43-->src\main\AndroidManifest.xml:22:13-41
44            android:exported="false" />
44-->src\main\AndroidManifest.xml:23:13-37
45        <activity
45-->src\main\AndroidManifest.xml:24:9-26:39
46            android:name="com.example.chillersmarket.DetailedMallItemActivity"
46-->src\main\AndroidManifest.xml:25:13-53
47            android:exported="true" />
47-->src\main\AndroidManifest.xml:26:13-36
48        <activity android:name="com.example.chillersmarket.CategoryDetailActivity" />
48-->src\main\AndroidManifest.xml:27:9-29:15
48-->src\main\AndroidManifest.xml:28:13-51
49        <activity
49-->src\main\AndroidManifest.xml:30:9-38:20
50            android:name="com.example.chillersmarket.MainActivity"
50-->src\main\AndroidManifest.xml:31:13-41
51            android:exported="true" >
51-->src\main\AndroidManifest.xml:32:13-36
52            <intent-filter>
52-->src\main\AndroidManifest.xml:33:13-37:29
53                <action android:name="android.intent.action.MAIN" />
53-->src\main\AndroidManifest.xml:34:17-69
53-->src\main\AndroidManifest.xml:34:25-66
54
55                <category android:name="android.intent.category.LAUNCHER" />
55-->src\main\AndroidManifest.xml:36:17-77
55-->src\main\AndroidManifest.xml:36:27-74
56            </intent-filter>
57        </activity>
58
59        <provider
59-->[androidx.emoji2:emoji2:1.0.0] AndroidManifest.xml:26:9-34:20
60            android:name="androidx.startup.InitializationProvider"
60-->[androidx.emoji2:emoji2:1.0.0] AndroidManifest.xml:27:13-67
61            android:authorities="com.example.chillersmarket.androidx-startup"
61-->[androidx.emoji2:emoji2:1.0.0] AndroidManifest.xml:28:13-68
62            android:exported="false" >
62-->[androidx.emoji2:emoji2:1.0.0] AndroidManifest.xml:29:13-37
63            <meta-data
63-->[androidx.emoji2:emoji2:1.0.0] AndroidManifest.xml:31:13-33:52
64                android:name="androidx.emoji2.text.EmojiCompatInitializer"
64-->[androidx.emoji2:emoji2:1.0.0] AndroidManifest.xml:32:17-75
65                android:value="androidx.startup" />
65-->[androidx.emoji2:emoji2:1.0.0] AndroidManifest.xml:33:17-49
66            <meta-data
66-->[androidx.lifecycle:lifecycle-process:2.4.0] AndroidManifest.xml:31:13-33:52
67                android:name="androidx.lifecycle.ProcessLifecycleInitializer"
67-->[androidx.lifecycle:lifecycle-process:2.4.0] AndroidManifest.xml:32:17-78
68                android:value="androidx.startup" />
68-->[androidx.lifecycle:lifecycle-process:2.4.0] AndroidManifest.xml:33:17-49
69        </provider>
70        <provider
70-->[com.mapbox.mapboxsdk:mapbox-android-telemetry:4.7.1] AndroidManifest.xml:18:9-22:39
71            android:name="com.mapbox.android.telemetry.provider.MapboxTelemetryInitProvider"
71-->[com.mapbox.mapboxsdk:mapbox-android-telemetry:4.7.1] AndroidManifest.xml:19:13-93
72            android:authorities="com.example.chillersmarket.mapboxtelemetryinitprovider"
72-->[com.mapbox.mapboxsdk:mapbox-android-telemetry:4.7.1] AndroidManifest.xml:20:13-79
73            android:exported="false"
73-->[com.mapbox.mapboxsdk:mapbox-android-telemetry:4.7.1] AndroidManifest.xml:21:13-37
74            android:initOrder="100" />
74-->[com.mapbox.mapboxsdk:mapbox-android-telemetry:4.7.1] AndroidManifest.xml:22:13-36
75
76        <service
76-->[com.mapbox.mapboxsdk:mapbox-android-telemetry:4.7.1] AndroidManifest.xml:24:9-26:72
77            android:name="com.mapbox.android.telemetry.crash.CrashReporterJobIntentService"
77-->[com.mapbox.mapboxsdk:mapbox-android-telemetry:4.7.1] AndroidManifest.xml:25:13-92
78            android:permission="android.permission.BIND_JOB_SERVICE" />
78-->[com.mapbox.mapboxsdk:mapbox-android-telemetry:4.7.1] AndroidManifest.xml:26:13-69
79    </application>
80
81</manifest>